20200204-19:54:00 Train Epoch: 1/70 ...
20200204-20:09:01     total_loss: 24.7161 time: 15m 1s
20200204-20:09:01 Train Epoch: 2/70 ...
20200204-20:19:09     total_loss: 22.4334 time: 10m 8s
20200204-20:19:09 Train Epoch: 3/70 ...
20200204-20:30:28     total_loss: 20.0291 time: 11m 20s
20200204-20:30:28 Train Epoch: 4/70 ...
20200204-20:42:53     total_loss: 17.6823 time: 12m 25s
20200204-20:42:53 Train Epoch: 5/70 ...
20200204-20:53:10     total_loss: 15.9964 time: 10m 17s
20200204-20:53:10 Test Epoch: 5 ...
20200204-20:54:19     ave: 87.3500
20200204-20:54:19 Train Epoch: 6/70 ...
20200204-21:04:27     total_loss: 14.8365 time: 10m 8s
20200204-21:04:27 Train Epoch: 7/70 ...
20200204-21:14:43     total_loss: 14.0145 time: 10m 16s
20200204-21:14:43 Train Epoch: 8/70 ...
20200204-21:24:57     total_loss: 13.3993 time: 10m 14s
20200204-21:24:57 Train Epoch: 9/70 ...
20200204-21:35:13     total_loss: 12.9140 time: 10m 15s
20200204-21:35:13 Train Epoch: 10/70 ...
20200204-21:45:28     total_loss: 12.5254 time: 10m 15s
20200204-21:45:28 Test Epoch: 10 ...
20200204-21:46:35     ave: 93.2333
20200204-21:46:35 Saving checkpoint: 10
20200204-21:46:35 Train Epoch: 11/70 ...
20200204-21:56:44     total_loss: 12.2015 time: 10m 9s
20200204-21:56:44 Train Epoch: 12/70 ...
20200204-22:07:40     total_loss: 11.9267 time: 10m 56s
20200204-22:07:40 Train Epoch: 13/70 ...
20200204-22:24:12     total_loss: 11.6846 time: 16m 32s
20200204-22:24:12 Train Epoch: 14/70 ...
20200204-22:34:26     total_loss: 11.4831 time: 10m 14s
20200204-22:34:26 Train Epoch: 15/70 ...
20200204-22:44:46     total_loss: 11.2979 time: 10m 19s
20200204-22:44:46 Test Epoch: 15 ...
20200204-22:45:52     ave: 94.8000
20200204-22:45:52 Train Epoch: 16/70 ...
20200204-22:56:13     total_loss: 11.1343 time: 10m 21s
20200204-22:56:13 Train Epoch: 17/70 ...
20200204-23:06:29     total_loss: 10.9896 time: 10m 16s
20200204-23:06:29 Train Epoch: 18/70 ...
20200204-23:16:42     total_loss: 10.8613 time: 10m 13s
20200204-23:16:42 Train Epoch: 19/70 ...
20200204-23:27:03     total_loss: 10.7441 time: 10m 21s
20200204-23:27:03 Train Epoch: 20/70 ...
20200204-23:37:22     total_loss: 10.6429 time: 10m 19s
20200204-23:37:22 Test Epoch: 20 ...
20200204-23:38:28     ave: 94.9167
20200204-23:38:28 Saving checkpoint: 20
20200204-23:38:28 Train Epoch: 21/70 ...
20200204-23:48:39     total_loss: 10.5420 time: 10m 11s
20200204-23:48:39 Train Epoch: 22/70 ...
20200204-23:58:45     total_loss: 10.4538 time: 10m 6s
20200204-23:58:45 Train Epoch: 23/70 ...
20200205-00:08:51     total_loss: 10.3765 time: 10m 6s
20200205-00:08:51 Train Epoch: 24/70 ...
20200205-00:18:58     total_loss: 10.3034 time: 10m 7s
20200205-00:18:58 Train Epoch: 25/70 ...
20200205-00:29:06     total_loss: 10.2350 time: 10m 8s
20200205-00:29:06 Test Epoch: 25 ...
20200205-00:30:13     ave: 95.5000
20200205-00:30:13 Train Epoch: 26/70 ...
20200205-00:40:20     total_loss: 10.1717 time: 10m 7s
20200205-00:40:20 Train Epoch: 27/70 ...
20200205-00:50:26     total_loss: 10.1039 time: 10m 7s
20200205-00:50:26 Train Epoch: 28/70 ...
20200205-01:00:30     total_loss: 10.0510 time: 10m 4s
20200205-01:00:30 Train Epoch: 29/70 ...
20200205-01:10:36     total_loss: 9.9984 time: 10m 5s
20200205-01:10:36 Train Epoch: 30/70 ...
20200205-01:20:42     total_loss: 9.9468 time: 10m 6s
20200205-01:20:42 Test Epoch: 30 ...
20200205-01:21:48     ave: 95.4167
20200205-01:21:48 Saving checkpoint: 30
20200205-01:21:48 Train Epoch: 31/70 ...
20200205-01:31:56     total_loss: 9.8942 time: 10m 8s
20200205-01:31:56 Train Epoch: 32/70 ...
20200205-01:42:10     total_loss: 9.8512 time: 10m 14s
20200205-01:42:10 Train Epoch: 33/70 ...
20200205-01:52:28     total_loss: 9.8034 time: 10m 17s
20200205-01:52:28 Train Epoch: 34/70 ...
20200205-02:02:46     total_loss: 9.7698 time: 10m 19s
20200205-02:02:46 Train Epoch: 35/70 ...
20200205-02:13:04     total_loss: 9.7216 time: 10m 18s
20200205-02:13:04 Test Epoch: 35 ...
20200205-02:14:10     ave: 95.3000
20200205-02:14:10 Train Epoch: 36/70 ...
20200205-02:24:27     total_loss: 9.6846 time: 10m 17s
20200205-02:24:27 Train Epoch: 37/70 ...
20200205-02:34:42     total_loss: 9.6543 time: 10m 15s
20200205-02:34:42 Train Epoch: 38/70 ...
20200205-02:44:57     total_loss: 9.6207 time: 10m 15s
20200205-02:44:57 Train Epoch: 39/70 ...
20200205-02:55:12     total_loss: 9.5894 time: 10m 15s
20200205-02:55:12 Train Epoch: 40/70 ...
20200205-03:05:28     total_loss: 9.5571 time: 10m 16s
20200205-03:05:28 Test Epoch: 40 ...
20200205-03:06:35     ave: 95.0833
20200205-03:06:35 Saving checkpoint: 40
20200205-03:06:35 Train Epoch: 41/70 ...
20200205-03:16:51     total_loss: 9.5275 time: 10m 16s
20200205-03:16:51 Train Epoch: 42/70 ...
20200205-03:27:07     total_loss: 9.5008 time: 10m 16s
20200205-03:27:07 Train Epoch: 43/70 ...
20200205-03:37:23     total_loss: 9.4724 time: 10m 15s
20200205-03:37:23 Train Epoch: 44/70 ...
20200205-03:47:39     total_loss: 9.4431 time: 10m 17s
20200205-03:47:40 Train Epoch: 45/70 ...
20200205-03:57:57     total_loss: 9.4210 time: 10m 17s
20200205-03:57:57 Test Epoch: 45 ...
20200205-03:59:03     ave: 95.4333
20200205-03:59:03 Train Epoch: 46/70 ...
20200205-04:09:18     total_loss: 9.4028 time: 10m 15s
20200205-04:09:18 Train Epoch: 47/70 ...
20200205-04:19:36     total_loss: 9.3764 time: 10m 17s
20200205-04:19:36 Train Epoch: 48/70 ...
20200205-04:29:53     total_loss: 9.3489 time: 10m 18s
20200205-04:29:53 Train Epoch: 49/70 ...
20200205-04:40:11     total_loss: 9.3333 time: 10m 18s
20200205-04:40:11 Train Epoch: 50/70 ...
20200205-04:50:28     total_loss: 9.3033 time: 10m 17s
20200205-04:50:28 Test Epoch: 50 ...
20200205-04:51:35     ave: 95.3667
20200205-04:51:35 Saving checkpoint: 50
20200205-04:51:35 Train Epoch: 51/70 ...
20200205-05:01:53     total_loss: 9.2883 time: 10m 18s
20200205-05:01:53 Train Epoch: 52/70 ...
20200205-05:12:09     total_loss: 9.2673 time: 10m 16s
20200205-05:12:09 Train Epoch: 53/70 ...
20200205-05:22:23     total_loss: 9.2407 time: 10m 14s
20200205-05:22:23 Train Epoch: 54/70 ...
20200205-05:32:41     total_loss: 9.2304 time: 10m 17s
20200205-05:32:41 Train Epoch: 55/70 ...
20200205-05:42:59     total_loss: 9.2198 time: 10m 18s
20200205-05:42:59 Test Epoch: 55 ...
20200205-05:44:06     ave: 95.0833
20200205-05:44:06 Train Epoch: 56/70 ...
20200205-05:54:19     total_loss: 9.1958 time: 10m 13s
20200205-05:54:19 Train Epoch: 57/70 ...
20200205-06:04:27     total_loss: 9.1820 time: 10m 8s
20200205-06:04:27 Train Epoch: 58/70 ...
20200205-06:14:34     total_loss: 9.1670 time: 10m 8s
20200205-06:14:34 Train Epoch: 59/70 ...
20200205-06:24:41     total_loss: 9.1511 time: 10m 6s
20200205-06:24:41 Train Epoch: 60/70 ...
20200205-06:34:48     total_loss: 9.1362 time: 10m 7s
20200205-06:34:48 Test Epoch: 60 ...
20200205-06:35:54     ave: 95.7667
20200205-06:35:54 Saving checkpoint: 60
20200205-06:35:55 Train Epoch: 61/70 ...
20200205-06:46:02     total_loss: 9.1182 time: 10m 8s
20200205-06:46:02 Train Epoch: 62/70 ...
20200205-06:56:09     total_loss: 9.1110 time: 10m 7s
20200205-06:56:09 Train Epoch: 63/70 ...
20200205-07:06:17     total_loss: 9.0954 time: 10m 8s
20200205-07:06:17 Train Epoch: 64/70 ...
20200205-07:16:24     total_loss: 9.0784 time: 10m 7s
20200205-07:16:24 Train Epoch: 65/70 ...
20200205-07:26:31     total_loss: 9.0612 time: 10m 7s
20200205-07:26:31 Test Epoch: 65 ...
20200205-07:27:38     ave: 95.7833
20200205-07:27:38 Train Epoch: 66/70 ...
20200205-07:37:47     total_loss: 9.0534 time: 10m 9s
20200205-07:37:47 Train Epoch: 67/70 ...
20200205-07:47:55     total_loss: 9.0333 time: 10m 8s
20200205-07:47:55 Train Epoch: 68/70 ...
20200205-07:58:03     total_loss: 9.0304 time: 10m 8s
20200205-07:58:03 Train Epoch: 69/70 ...
20200205-08:08:11     total_loss: 9.0127 time: 10m 8s
20200205-08:08:11 Train Epoch: 70/70 ...
20200205-08:18:19     total_loss: 8.9992 time: 10m 8s
20200205-08:18:19 Test Epoch: 70 ...
20200205-08:19:25     ave: 95.5333
20200205-08:19:25 Saving checkpoint: 70
